<?xml version="1.0" encoding="UTF-8"?>
<testsuite xmlns:xsi="http://www.w3.org/2001/XMLSchema-instance" xsi:noNamespaceSchemaLocation="https://maven.apache.org/surefire/maven-surefire-plugin/xsd/surefire-test-report.xsd" name="th.go.dxc.share.util.MapperUtilTest" time="0" tests="3" errors="0" skipped="0" failures="0">
  <properties>
[...]
</properties>
  <testcase name="testMapCamelCaseFromKebabCase_three_words_kebab_case_text_map_into_camel_case" classname="th.go.dxc.share.util.MapperUtilTest" time="0"/>
  <testcase name="testMapPathVariableList_All_matched_path_variables_are_found" classname="th.go.dxc.share.util.MapperUtilTest" time="0"/>
  <testcase name="testMapUriPath_All_path_variables_are_replaced_single_value" classname="th.go.dxc.share.util.MapperUtilTest" time="0"/>
</testsuite>