-------------------------------------------------------------------------------
Test set: th.go.dxc.app.qm.service.TsiPersonContactQmServiceJpaImplTest
-------------------------------------------------------------------------------
Tests run: 4, Failures: 1, Errors: 0, Skipped: 0, Time elapsed: 0.747 s <<< FAILURE! - in th.go.dxc.app.qm.service.TsiPersonContactQmServiceJpaImplTest
testFindById_With_valid_id  Time elapsed: 0.037 s  <<< FAILURE!
org.opentest4j.AssertionFailedError: 

expected: TsiPersonContact(personId=2, givenName=Bob, surName=Bad)
but was : Optional[TsiPersonContact(personId=2, givenName=Bob, surName=Bad)]
	at th.go.dxc.app.qm.service.TsiPersonContactQmServiceJpaImplTest.testFindById_With_valid_id(TsiPersonContactQmServiceJpaImplTest.java:140)

